<?xml version="1.0" encoding="UTF-8"?>
<testng-results ignored="0" total="1" passed="1" failed="0" skipped="0">
  <reporter-output>
  </reporter-output>
  <suite started-at="2022-05-26T11:59:55 BDT" name="Default suite" finished-at="2022-05-26T12:00:47 BDT" duration-ms="52634">
    <groups>
    </groups>
    <test started-at="2022-05-26T11:59:55 BDT" name="Default test" finished-at="2022-05-26T12:00:47 BDT" duration-ms="52634">
      <class name="com.fanfare.qa.testcases.LoginTest">
        <test-method is-config="true" signature="setup()[pri:0, instance:com.fanfare.qa.testcases.LoginTest@f736069]" started-at="2022-05-26T11:59:55 BDT" name="setup" finished-at="2022-05-26T12:00:24 BDT" duration-ms="28734" status="PASS">
          <reporter-output>
          </reporter-output>
        </test-method> <!-- setup -->
        <test-method signature="LoginTests()[pri:0, instance:com.fanfare.qa.testcases.LoginTest@f736069]" started-at="2022-05-26T12:00:24 BDT" name="LoginTests" finished-at="2022-05-26T12:00:47 BDT" duration-ms="23077" status="PASS">
          <reporter-output>
          </reporter-output>
        </test-method> <!-- LoginTests -->
        <test-method is-config="true" signature="teardown()[pri:0, instance:com.fanfare.qa.testcases.LoginTest@f736069]" started-at="2022-05-26T12:00:47 BDT" name="teardown" finished-at="2022-05-26T12:00:47 BDT" duration-ms="703" status="PASS">
          <reporter-output>
          </reporter-output>
        </test-method> <!-- teardown -->
      </class> <!-- com.fanfare.qa.testcases.LoginTest -->
    </test> <!-- Default test -->
  </suite> <!-- Default suite -->
</testng-results>
