<?xml version="1.0" encoding="UTF-8"?>
<testng-results ignored="0" total="1" passed="1" failed="0" skipped="0">
  <reporter-output>
  </reporter-output>
  <suite started-at="2022-05-27T16:41:50 BDT" name="Default suite" finished-at="2022-05-27T16:41:50 BDT" duration-ms="141">
    <groups>
    </groups>
    <test started-at="2022-05-27T16:41:50 BDT" name="Default test" finished-at="2022-05-27T16:41:50 BDT" duration-ms="141">
      <class name="com.restapitest.qa.testcases.POST_Test">
        <test-method signature="FirstPostTest()[pri:0, instance:com.restapitest.qa.testcases.POST_Test@19d481b]" started-at="2022-05-27T16:41:50 BDT" name="FirstPostTest" finished-at="2022-05-27T16:41:50 BDT" duration-ms="36" status="PASS">
          <reporter-output>
          </reporter-output>
        </test-method> <!-- FirstPostTest -->
      </class> <!-- com.restapitest.qa.testcases.POST_Test -->
    </test> <!-- Default test -->
  </suite> <!-- Default suite -->
</testng-results>
