<?xml version="1.0" encoding="UTF-8"?>
<!-- Generated by org.testng.reporters.JUnitXMLReporter -->
<testsuite ignored="0" hostname="DESKTOP-VGPD5NJ" failures="0" tests="2" name="Default test" time="60.117" errors="0" timestamp="2022-05-26T17:08:02 BDT">
  <testcase classname="com.codecademy.qa.testcases.LoginPageTest" name="loginPageTitleTest" time="0.134"/>
  <testcase classname="com.codecademy.qa.testcases.LoginPageTest" name="LoginTest" time="16.238"/>
</testsuite> <!-- Default test -->
