<?xml version="1.0" encoding="UTF-8"?>
<testng-results ignored="0" total="2" passed="2" failed="0" skipped="0">
  <reporter-output>
  </reporter-output>
  <suite started-at="2022-05-26T17:07:01 BDT" name="Default suite" finished-at="2022-05-26T17:08:01 BDT" duration-ms="60117">
    <groups>
    </groups>
    <test started-at="2022-05-26T17:07:01 BDT" name="Default test" finished-at="2022-05-26T17:08:01 BDT" duration-ms="60117">
      <class name="com.codecademy.qa.testcases.LoginPageTest">
        <test-method is-config="true" signature="setUp()[pri:0, instance:com.codecademy.qa.testcases.LoginPageTest@37654521]" started-at="2022-05-26T17:07:01 BDT" name="setUp" finished-at="2022-05-26T17:07:21 BDT" duration-ms="19130" status="PASS">
          <reporter-output>
          </reporter-output>
        </test-method> <!-- setUp -->
        <test-method signature="loginPageTitleTest()[pri:1, instance:com.codecademy.qa.testcases.LoginPageTest@37654521]" started-at="2022-05-26T17:07:21 BDT" name="loginPageTitleTest" finished-at="2022-05-26T17:07:21 BDT" duration-ms="134" status="PASS">
          <reporter-output>
          </reporter-output>
        </test-method> <!-- loginPageTitleTest -->
        <test-method is-config="true" signature="teardown()[pri:0, instance:com.codecademy.qa.testcases.LoginPageTest@37654521]" started-at="2022-05-26T17:07:21 BDT" name="teardown" finished-at="2022-05-26T17:07:24 BDT" duration-ms="3320" status="PASS">
          <reporter-output>
          </reporter-output>
        </test-method> <!-- teardown -->
        <test-method is-config="true" signature="setUp()[pri:0, instance:com.codecademy.qa.testcases.LoginPageTest@37654521]" started-at="2022-05-26T17:07:24 BDT" name="setUp" finished-at="2022-05-26T17:07:41 BDT" duration-ms="16874" status="PASS">
          <reporter-output>
          </reporter-output>
        </test-method> <!-- setUp -->
        <test-method signature="LoginTest()[pri:2, instance:com.codecademy.qa.testcases.LoginPageTest@37654521]" started-at="2022-05-26T17:07:41 BDT" name="LoginTest" finished-at="2022-05-26T17:07:57 BDT" duration-ms="16238" status="PASS">
          <reporter-output>
          </reporter-output>
        </test-method> <!-- LoginTest -->
        <test-method is-config="true" signature="teardown()[pri:0, instance:com.codecademy.qa.testcases.LoginPageTest@37654521]" started-at="2022-05-26T17:07:57 BDT" name="teardown" finished-at="2022-05-26T17:08:01 BDT" duration-ms="4274" status="PASS">
          <reporter-output>
          </reporter-output>
        </test-method> <!-- teardown -->
      </class> <!-- com.codecademy.qa.testcases.LoginPageTest -->
    </test> <!-- Default test -->
  </suite> <!-- Default suite -->
</testng-results>
